19-May-2020 08:45:47.832 INFO [main] org.apache.catalina.startup.VersionLoggerListener.log Server version name:   Apache Tomcat/9.0.35
19-May-2020 08:45:47.848 INFO [main] org.apache.catalina.startup.VersionLoggerListener.log Server built:          May 5 2020 20:36:20 UTC
19-May-2020 08:45:47.848 INFO [main] org.apache.catalina.startup.VersionLoggerListener.log Server version number: 9.0.35.0
19-May-2020 08:45:47.848 INFO [main] org.apache.catalina.startup.VersionLoggerListener.log OS Name:               Windows 10
19-May-2020 08:45:47.848 INFO [main] org.apache.catalina.startup.VersionLoggerListener.log OS Version:            10.0
19-May-2020 08:45:47.848 INFO [main] org.apache.catalina.startup.VersionLoggerListener.log Architecture:          amd64
19-May-2020 08:45:47.848 INFO [main] org.apache.catalina.startup.VersionLoggerListener.log Java Home:             C:\Program Files\Java\jdk-13.0.2
19-May-2020 08:45:47.848 INFO [main] org.apache.catalina.startup.VersionLoggerListener.log JVM Version:           13.0.2+8
19-May-2020 08:45:47.848 INFO [main] org.apache.catalina.startup.VersionLoggerListener.log JVM Vendor:            Oracle Corporation
19-May-2020 08:45:47.848 INFO [main] org.apache.catalina.startup.VersionLoggerListener.log CATALINA_BASE:         C:\Users\iOllio\Downloads\Compressed\apache-tomcat-9.0.35-windows-x64\apache-tomcat-9.0.35
19-May-2020 08:45:47.848 INFO [main] org.apache.catalina.startup.VersionLoggerListener.log CATALINA_HOME:         C:\Users\iOllio\Downloads\Compressed\apache-tomcat-9.0.35-windows-x64\apache-tomcat-9.0.35
19-May-2020 08:45:47.864 INFO [main] org.apache.catalina.startup.VersionLoggerListener.log Command line argument: --add-opens=java.base/java.lang=ALL-UNNAMED
19-May-2020 08:45:47.864 INFO [main] org.apache.catalina.startup.VersionLoggerListener.log Command line argument: --add-opens=java.base/java.io=ALL-UNNAMED
19-May-2020 08:45:47.864 INFO [main] org.apache.catalina.startup.VersionLoggerListener.log Command line argument: --add-opens=java.rmi/sun.rmi.transport=ALL-UNNAMED
19-May-2020 08:45:47.864 INFO [main] org.apache.catalina.startup.VersionLoggerListener.log Command line argument: -Djava.util.logging.config.file=C:\Users\iOllio\Downloads\Compressed\apache-tomcat-9.0.35-windows-x64\apache-tomcat-9.0.35\conf\logging.properties
19-May-2020 08:45:47.864 INFO [main] org.apache.catalina.startup.VersionLoggerListener.log Command line argument: -Djava.util.logging.manager=org.apache.juli.ClassLoaderLogManager
19-May-2020 08:45:47.864 INFO [main] org.apache.catalina.startup.VersionLoggerListener.log Command line argument: -Dhttp.nonProxyHosts=localhost|127.0.0.1|DESKTOP-33SEF19
19-May-2020 08:45:47.864 INFO [main] org.apache.catalina.startup.VersionLoggerListener.log Command line argument: -Djdk.tls.ephemeralDHKeySize=2048
19-May-2020 08:45:47.864 INFO [main] org.apache.catalina.startup.VersionLoggerListener.log Command line argument: -Djava.protocol.handler.pkgs=org.apache.catalina.webresources
19-May-2020 08:45:47.864 INFO [main] org.apache.catalina.startup.VersionLoggerListener.log Command line argument: -Dignore.endorsed.dirs=
19-May-2020 08:45:47.864 INFO [main] org.apache.catalina.startup.VersionLoggerListener.log Command line argument: -Dcatalina.base=C:\Users\iOllio\Downloads\Compressed\apache-tomcat-9.0.35-windows-x64\apache-tomcat-9.0.35
19-May-2020 08:45:47.864 INFO [main] org.apache.catalina.startup.VersionLoggerListener.log Command line argument: -Dcatalina.home=C:\Users\iOllio\Downloads\Compressed\apache-tomcat-9.0.35-windows-x64\apache-tomcat-9.0.35
19-May-2020 08:45:47.864 INFO [main] org.apache.catalina.startup.VersionLoggerListener.log Command line argument: -Djava.io.tmpdir=C:\Users\iOllio\Downloads\Compressed\apache-tomcat-9.0.35-windows-x64\apache-tomcat-9.0.35\temp
19-May-2020 08:45:47.864 INFO [main] org.apache.catalina.core.AprLifecycleListener.lifecycleEvent Loaded Apache Tomcat Native library [1.2.24] using APR version [1.7.0].
19-May-2020 08:45:47.864 INFO [main] org.apache.catalina.core.AprLifecycleListener.lifecycleEvent APR capabilities: IPv6 [true], sendfile [true], accept filters [false], random [true].
19-May-2020 08:45:47.942 INFO [main] org.apache.catalina.core.AprLifecycleListener.lifecycleEvent APR/OpenSSL configuration: useAprConnector [false], useOpenSSL [true]
19-May-2020 08:45:47.942 INFO [main] org.apache.catalina.core.AprLifecycleListener.initializeSSL OpenSSL successfully initialized [OpenSSL 1.1.1g  21 Apr 2020]
19-May-2020 08:45:48.333 INFO [main] org.apache.coyote.AbstractProtocol.init Initializing ProtocolHandler ["http-nio-8080"]
19-May-2020 08:45:48.942 INFO [main] org.apache.catalina.startup.Catalina.load Server initialization in [1,349] milliseconds
19-May-2020 08:45:49.036 INFO [main] org.apache.catalina.core.StandardService.startInternal Starting service [Catalina]
19-May-2020 08:45:49.036 INFO [main] org.apache.catalina.core.StandardEngine.startInternal Starting Servlet engine: [Apache Tomcat/9.0.35]
19-May-2020 08:45:49.052 INFO [main] org.apache.catalina.startup.HostConfig.deployDirectory Deploying web application directory [C:\Users\iOllio\Downloads\Compressed\apache-tomcat-9.0.35-windows-x64\apache-tomcat-9.0.35\webapps\docs]
19-May-2020 08:45:49.692 WARNING [main] org.apache.catalina.util.SessionIdGeneratorBase.createSecureRandom Creation of SecureRandom instance for session ID generation using [SHA1PRNG] took [218] milliseconds.
19-May-2020 08:45:49.755 INFO [main] org.apache.catalina.startup.HostConfig.deployDirectory Deployment of web application directory [C:\Users\iOllio\Downloads\Compressed\apache-tomcat-9.0.35-windows-x64\apache-tomcat-9.0.35\webapps\docs] has finished in [703] ms
19-May-2020 08:45:49.755 INFO [main] org.apache.catalina.startup.HostConfig.deployDirectory Deploying web application directory [C:\Users\iOllio\Downloads\Compressed\apache-tomcat-9.0.35-windows-x64\apache-tomcat-9.0.35\webapps\examples]
19-May-2020 08:45:50.521 INFO [main] org.apache.catalina.startup.HostConfig.deployDirectory Deployment of web application directory [C:\Users\iOllio\Downloads\Compressed\apache-tomcat-9.0.35-windows-x64\apache-tomcat-9.0.35\webapps\examples] has finished in [766] ms
19-May-2020 08:45:50.521 INFO [main] org.apache.catalina.startup.HostConfig.deployDirectory Deploying web application directory [C:\Users\iOllio\Downloads\Compressed\apache-tomcat-9.0.35-windows-x64\apache-tomcat-9.0.35\webapps\host-manager]
19-May-2020 08:45:50.583 INFO [main] org.apache.catalina.startup.HostConfig.deployDirectory Deployment of web application directory [C:\Users\iOllio\Downloads\Compressed\apache-tomcat-9.0.35-windows-x64\apache-tomcat-9.0.35\webapps\host-manager] has finished in [62] ms
19-May-2020 08:45:50.583 INFO [main] org.apache.catalina.startup.HostConfig.deployDirectory Deploying web application directory [C:\Users\iOllio\Downloads\Compressed\apache-tomcat-9.0.35-windows-x64\apache-tomcat-9.0.35\webapps\manager]
19-May-2020 08:45:50.646 INFO [main] org.apache.catalina.startup.HostConfig.deployDirectory Deployment of web application directory [C:\Users\iOllio\Downloads\Compressed\apache-tomcat-9.0.35-windows-x64\apache-tomcat-9.0.35\webapps\manager] has finished in [63] ms
19-May-2020 08:45:50.646 INFO [main] org.apache.catalina.startup.HostConfig.deployDirectory Deploying web application directory [C:\Users\iOllio\Downloads\Compressed\apache-tomcat-9.0.35-windows-x64\apache-tomcat-9.0.35\webapps\ROOT]
19-May-2020 08:45:50.693 INFO [main] org.apache.catalina.startup.HostConfig.deployDirectory Deployment of web application directory [C:\Users\iOllio\Downloads\Compressed\apache-tomcat-9.0.35-windows-x64\apache-tomcat-9.0.35\webapps\ROOT] has finished in [47] ms
19-May-2020 08:45:50.693 INFO [main] org.apache.coyote.AbstractProtocol.start Starting ProtocolHandler ["http-nio-8080"]
19-May-2020 08:45:50.708 INFO [main] org.apache.catalina.startup.Catalina.start Server startup in [1,774] milliseconds
19-May-2020 08:46:02.792 INFO [http-nio-8080-exec-3] org.apache.catalina.startup.HostConfig.deployDescriptor Deploying deployment descriptor [C:\Users\iOllio\Downloads\Compressed\apache-tomcat-9.0.35-windows-x64\apache-tomcat-9.0.35\conf\Catalina\localhost\web.xml]
19-May-2020 08:46:02.792 WARNING [http-nio-8080-exec-3] org.apache.catalina.startup.HostConfig.deployDescriptor The path attribute with value [/web] in deployment descriptor [C:\Users\iOllio\Downloads\Compressed\apache-tomcat-9.0.35-windows-x64\apache-tomcat-9.0.35\conf\Catalina\localhost\web.xml] has been ignored
19-May-2020 08:46:02.870 INFO [http-nio-8080-exec-3] org.apache.catalina.startup.HostConfig.deployDescriptor Deployment of deployment descriptor [C:\Users\iOllio\Downloads\Compressed\apache-tomcat-9.0.35-windows-x64\apache-tomcat-9.0.35\conf\Catalina\localhost\web.xml] has finished in [78] ms
19-May-2020 08:46:02.870 INFO [http-nio-8080-exec-4] org.apache.catalina.util.LifecycleBase.start The start() method was called on component [StandardEngine[Catalina].StandardHost[localhost].StandardContext[/web]] after start() had already been called. The second call will be ignored.
19-May-2020 08:55:07.255 INFO [http-nio-8080-exec-10] org.apache.catalina.startup.HostConfig.undeploy Undeploying context [/web]
19-May-2020 08:55:07.277 INFO [http-nio-8080-exec-8] org.apache.catalina.startup.HostConfig.deployDescriptor Deploying deployment descriptor [C:\Users\iOllio\Downloads\Compressed\apache-tomcat-9.0.35-windows-x64\apache-tomcat-9.0.35\conf\Catalina\localhost\web.xml]
19-May-2020 08:55:07.278 WARNING [http-nio-8080-exec-8] org.apache.catalina.startup.HostConfig.deployDescriptor The path attribute with value [/web] in deployment descriptor [C:\Users\iOllio\Downloads\Compressed\apache-tomcat-9.0.35-windows-x64\apache-tomcat-9.0.35\conf\Catalina\localhost\web.xml] has been ignored
19-May-2020 08:55:07.345 INFO [http-nio-8080-exec-8] org.apache.catalina.startup.HostConfig.deployDescriptor Deployment of deployment descriptor [C:\Users\iOllio\Downloads\Compressed\apache-tomcat-9.0.35-windows-x64\apache-tomcat-9.0.35\conf\Catalina\localhost\web.xml] has finished in [68] ms
19-May-2020 08:55:07.350 INFO [http-nio-8080-exec-3] org.apache.catalina.util.LifecycleBase.start The start() method was called on component [StandardEngine[Catalina].StandardHost[localhost].StandardContext[/web]] after start() had already been called. The second call will be ignored.
