25-May-2020 00:22:39.384 INFO [main] org.apache.catalina.startup.VersionLoggerListener.log Server version name:   Apache Tomcat/9.0.35
25-May-2020 00:22:39.388 INFO [main] org.apache.catalina.startup.VersionLoggerListener.log Server built:          May 5 2020 20:36:20 UTC
25-May-2020 00:22:39.389 INFO [main] org.apache.catalina.startup.VersionLoggerListener.log Server version number: 9.0.35.0
25-May-2020 00:22:39.389 INFO [main] org.apache.catalina.startup.VersionLoggerListener.log OS Name:               Windows 10
25-May-2020 00:22:39.389 INFO [main] org.apache.catalina.startup.VersionLoggerListener.log OS Version:            10.0
25-May-2020 00:22:39.389 INFO [main] org.apache.catalina.startup.VersionLoggerListener.log Architecture:          amd64
25-May-2020 00:22:39.389 INFO [main] org.apache.catalina.startup.VersionLoggerListener.log Java Home:             C:\Program Files\Java\jdk-13.0.2
25-May-2020 00:22:39.389 INFO [main] org.apache.catalina.startup.VersionLoggerListener.log JVM Version:           13.0.2+8
25-May-2020 00:22:39.389 INFO [main] org.apache.catalina.startup.VersionLoggerListener.log JVM Vendor:            Oracle Corporation
25-May-2020 00:22:39.389 INFO [main] org.apache.catalina.startup.VersionLoggerListener.log CATALINA_BASE:         C:\Users\iOllio\Downloads\Compressed\apache-tomcat-9.0.35-windows-x64\apache-tomcat-9.0.35
25-May-2020 00:22:39.389 INFO [main] org.apache.catalina.startup.VersionLoggerListener.log CATALINA_HOME:         C:\Users\iOllio\Downloads\Compressed\apache-tomcat-9.0.35-windows-x64\apache-tomcat-9.0.35
25-May-2020 00:22:39.415 INFO [main] org.apache.catalina.startup.VersionLoggerListener.log Command line argument: --add-opens=java.base/java.lang=ALL-UNNAMED
25-May-2020 00:22:39.416 INFO [main] org.apache.catalina.startup.VersionLoggerListener.log Command line argument: --add-opens=java.base/java.io=ALL-UNNAMED
25-May-2020 00:22:39.417 INFO [main] org.apache.catalina.startup.VersionLoggerListener.log Command line argument: --add-opens=java.rmi/sun.rmi.transport=ALL-UNNAMED
25-May-2020 00:22:39.417 INFO [main] org.apache.catalina.startup.VersionLoggerListener.log Command line argument: -Djava.util.logging.config.file=C:\Users\iOllio\Downloads\Compressed\apache-tomcat-9.0.35-windows-x64\apache-tomcat-9.0.35\conf\logging.properties
25-May-2020 00:22:39.417 INFO [main] org.apache.catalina.startup.VersionLoggerListener.log Command line argument: -Djava.util.logging.manager=org.apache.juli.ClassLoaderLogManager
25-May-2020 00:22:39.417 INFO [main] org.apache.catalina.startup.VersionLoggerListener.log Command line argument: -Dhttp.nonProxyHosts=localhost|127.0.0.1|DESKTOP-33SEF19
25-May-2020 00:22:39.417 INFO [main] org.apache.catalina.startup.VersionLoggerListener.log Command line argument: -Djdk.tls.ephemeralDHKeySize=2048
25-May-2020 00:22:39.418 INFO [main] org.apache.catalina.startup.VersionLoggerListener.log Command line argument: -Djava.protocol.handler.pkgs=org.apache.catalina.webresources
25-May-2020 00:22:39.418 INFO [main] org.apache.catalina.startup.VersionLoggerListener.log Command line argument: -Dignore.endorsed.dirs=
25-May-2020 00:22:39.418 INFO [main] org.apache.catalina.startup.VersionLoggerListener.log Command line argument: -Dcatalina.base=C:\Users\iOllio\Downloads\Compressed\apache-tomcat-9.0.35-windows-x64\apache-tomcat-9.0.35
25-May-2020 00:22:39.418 INFO [main] org.apache.catalina.startup.VersionLoggerListener.log Command line argument: -Dcatalina.home=C:\Users\iOllio\Downloads\Compressed\apache-tomcat-9.0.35-windows-x64\apache-tomcat-9.0.35
25-May-2020 00:22:39.418 INFO [main] org.apache.catalina.startup.VersionLoggerListener.log Command line argument: -Djava.io.tmpdir=C:\Users\iOllio\Downloads\Compressed\apache-tomcat-9.0.35-windows-x64\apache-tomcat-9.0.35\temp
25-May-2020 00:22:39.418 INFO [main] org.apache.catalina.core.AprLifecycleListener.lifecycleEvent Loaded Apache Tomcat Native library [1.2.24] using APR version [1.7.0].
25-May-2020 00:22:39.418 INFO [main] org.apache.catalina.core.AprLifecycleListener.lifecycleEvent APR capabilities: IPv6 [true], sendfile [true], accept filters [false], random [true].
25-May-2020 00:22:39.418 INFO [main] org.apache.catalina.core.AprLifecycleListener.lifecycleEvent APR/OpenSSL configuration: useAprConnector [false], useOpenSSL [true]
25-May-2020 00:22:39.453 INFO [main] org.apache.catalina.core.AprLifecycleListener.initializeSSL OpenSSL successfully initialized [OpenSSL 1.1.1g  21 Apr 2020]
25-May-2020 00:22:39.918 INFO [main] org.apache.coyote.AbstractProtocol.init Initializing ProtocolHandler ["http-nio-8080"]
25-May-2020 00:22:40.448 INFO [main] org.apache.catalina.startup.Catalina.load Server initialization in [1,465] milliseconds
25-May-2020 00:22:40.525 INFO [main] org.apache.catalina.core.StandardService.startInternal Starting service [Catalina]
25-May-2020 00:22:40.525 INFO [main] org.apache.catalina.core.StandardEngine.startInternal Starting Servlet engine: [Apache Tomcat/9.0.35]
25-May-2020 00:22:40.540 INFO [main] org.apache.catalina.startup.HostConfig.deployDescriptor Deploying deployment descriptor [C:\Users\iOllio\Downloads\Compressed\apache-tomcat-9.0.35-windows-x64\apache-tomcat-9.0.35\conf\Catalina\localhost\A.xml]
25-May-2020 00:22:40.566 WARNING [main] org.apache.catalina.startup.HostConfig.deployDescriptor The path attribute with value [/A] in deployment descriptor [C:\Users\iOllio\Downloads\Compressed\apache-tomcat-9.0.35-windows-x64\apache-tomcat-9.0.35\conf\Catalina\localhost\A.xml] has been ignored
25-May-2020 00:22:40.616 SEVERE [main] org.apache.catalina.startup.HostConfig.deployDescriptor Error deploying deployment descriptor [C:\Users\iOllio\Downloads\Compressed\apache-tomcat-9.0.35-windows-x64\apache-tomcat-9.0.35\conf\Catalina\localhost\A.xml]
	java.lang.IllegalStateException: Error starting child
		at org.apache.catalina.core.ContainerBase.addChildInternal(ContainerBase.java:720)
		at org.apache.catalina.core.ContainerBase.addChild(ContainerBase.java:690)
		at org.apache.catalina.core.StandardHost.addChild(StandardHost.java:705)
		at org.apache.catalina.startup.HostConfig.deployDescriptor(HostConfig.java:631)
		at org.apache.catalina.startup.HostConfig$DeployDescriptor.run(HostConfig.java:1830)
		at java.base/java.util.concurrent.Executors$RunnableAdapter.call(Executors.java:515)
		at java.base/java.util.concurrent.FutureTask.run(FutureTask.java:264)
		at org.apache.tomcat.util.threads.InlineExecutorService.execute(InlineExecutorService.java:75)
		at java.base/java.util.concurrent.AbstractExecutorService.submit(AbstractExecutorService.java:118)
		at org.apache.catalina.startup.HostConfig.deployDescriptors(HostConfig.java:526)
		at org.apache.catalina.startup.HostConfig.deployApps(HostConfig.java:425)
		at org.apache.catalina.startup.HostConfig.start(HostConfig.java:1576)
		at org.apache.catalina.startup.HostConfig.lifecycleEvent(HostConfig.java:309)
		at org.apache.catalina.util.LifecycleBase.fireLifecycleEvent(LifecycleBase.java:123)
		at org.apache.catalina.util.LifecycleBase.setStateInternal(LifecycleBase.java:423)
		at org.apache.catalina.util.LifecycleBase.setState(LifecycleBase.java:366)
		at org.apache.catalina.core.ContainerBase.startInternal(ContainerBase.java:936)
		at org.apache.catalina.core.StandardHost.startInternal(StandardHost.java:841)
		at org.apache.catalina.util.LifecycleBase.start(LifecycleBase.java:183)
		at org.apache.catalina.core.ContainerBase$StartChild.call(ContainerBase.java:1384)
		at org.apache.catalina.core.ContainerBase$StartChild.call(ContainerBase.java:1374)
		at java.base/java.util.concurrent.FutureTask.run(FutureTask.java:264)
		at org.apache.tomcat.util.threads.InlineExecutorService.execute(InlineExecutorService.java:75)
		at java.base/java.util.concurrent.AbstractExecutorService.submit(AbstractExecutorService.java:140)
		at org.apache.catalina.core.ContainerBase.startInternal(ContainerBase.java:909)
		at org.apache.catalina.core.StandardEngine.startInternal(StandardEngine.java:262)
		at org.apache.catalina.util.LifecycleBase.start(LifecycleBase.java:183)
		at org.apache.catalina.core.StandardService.startInternal(StandardService.java:421)
		at org.apache.catalina.util.LifecycleBase.start(LifecycleBase.java:183)
		at org.apache.catalina.core.StandardServer.startInternal(StandardServer.java:930)
		at org.apache.catalina.util.LifecycleBase.start(LifecycleBase.java:183)
		at org.apache.catalina.startup.Catalina.start(Catalina.java:633)
		at java.base/jdk.internal.reflect.NativeMethodAccessorImpl.invoke0(Native Method)
		at java.base/jdk.internal.reflect.NativeMethodAccessorImpl.invoke(NativeMethodAccessorImpl.java:62)
		at java.base/jdk.internal.reflect.DelegatingMethodAccessorImpl.invoke(DelegatingMethodAccessorImpl.java:43)
		at java.base/java.lang.reflect.Method.invoke(Method.java:567)
		at org.apache.catalina.startup.Bootstrap.start(Bootstrap.java:343)
		at org.apache.catalina.startup.Bootstrap.main(Bootstrap.java:474)
	Caused by: org.apache.catalina.LifecycleException: Failed to start component [org.apache.catalina.webresources.StandardRoot@51bf5add]
		at org.apache.catalina.util.LifecycleBase.handleSubClassException(LifecycleBase.java:440)
		at org.apache.catalina.util.LifecycleBase.start(LifecycleBase.java:198)
		at org.apache.catalina.core.StandardContext.resourcesStart(StandardContext.java:4800)
		at org.apache.catalina.core.StandardContext.startInternal(StandardContext.java:4936)
		at org.apache.catalina.util.LifecycleBase.start(LifecycleBase.java:183)
		at org.apache.catalina.core.ContainerBase.addChildInternal(ContainerBase.java:717)
		... 37 more
	Caused by: java.lang.IllegalArgumentException: The main resource set specified [C:\Users\iOllio\Documents\NetBeansProjects\A\build\web] is not valid
		at org.apache.catalina.webresources.StandardRoot.createMainResourceSet(StandardRoot.java:751)
		at org.apache.catalina.webresources.StandardRoot.startInternal(StandardRoot.java:708)
		at org.apache.catalina.util.LifecycleBase.start(LifecycleBase.java:183)
		... 41 more
25-May-2020 00:22:40.631 INFO [main] org.apache.catalina.startup.HostConfig.deployDescriptor Deployment of deployment descriptor [C:\Users\iOllio\Downloads\Compressed\apache-tomcat-9.0.35-windows-x64\apache-tomcat-9.0.35\conf\Catalina\localhost\A.xml] has finished in [91] ms
25-May-2020 00:22:40.631 INFO [main] org.apache.catalina.startup.HostConfig.deployDescriptor Deploying deployment descriptor [C:\Users\iOllio\Downloads\Compressed\apache-tomcat-9.0.35-windows-x64\apache-tomcat-9.0.35\conf\Catalina\localhost\web.xml]
25-May-2020 00:22:40.631 WARNING [main] org.apache.catalina.startup.HostConfig.deployDescriptor The path attribute with value [/web] in deployment descriptor [C:\Users\iOllio\Downloads\Compressed\apache-tomcat-9.0.35-windows-x64\apache-tomcat-9.0.35\conf\Catalina\localhost\web.xml] has been ignored
25-May-2020 00:22:41.441 INFO [main] org.apache.jasper.servlet.TldScanner.scanJars At least one JAR was scanned for TLDs yet contained no TLDs. Enable debug logging for this logger for a complete list of JARs that were scanned but no TLDs were found in them. Skipping unneeded JARs during scanning can improve startup time and JSP compilation time.
25-May-2020 00:22:41.725 WARNING [main] org.apache.catalina.util.SessionIdGeneratorBase.createSecureRandom Creation of SecureRandom instance for session ID generation using [SHA1PRNG] took [219] milliseconds.
25-May-2020 00:22:41.757 INFO [main] org.apache.catalina.startup.HostConfig.deployDescriptor Deployment of deployment descriptor [C:\Users\iOllio\Downloads\Compressed\apache-tomcat-9.0.35-windows-x64\apache-tomcat-9.0.35\conf\Catalina\localhost\web.xml] has finished in [1,126] ms
25-May-2020 00:22:41.772 INFO [main] org.apache.catalina.startup.HostConfig.deployDirectory Deploying web application directory [C:\Users\iOllio\Downloads\Compressed\apache-tomcat-9.0.35-windows-x64\apache-tomcat-9.0.35\webapps\docs]
25-May-2020 00:22:41.819 INFO [main] org.apache.catalina.startup.HostConfig.deployDirectory Deployment of web application directory [C:\Users\iOllio\Downloads\Compressed\apache-tomcat-9.0.35-windows-x64\apache-tomcat-9.0.35\webapps\docs] has finished in [47] ms
25-May-2020 00:22:41.819 INFO [main] org.apache.catalina.startup.HostConfig.deployDirectory Deploying web application directory [C:\Users\iOllio\Downloads\Compressed\apache-tomcat-9.0.35-windows-x64\apache-tomcat-9.0.35\webapps\examples]
25-May-2020 00:22:42.618 INFO [main] org.apache.catalina.startup.HostConfig.deployDirectory Deployment of web application directory [C:\Users\iOllio\Downloads\Compressed\apache-tomcat-9.0.35-windows-x64\apache-tomcat-9.0.35\webapps\examples] has finished in [799] ms
25-May-2020 00:22:42.618 INFO [main] org.apache.catalina.startup.HostConfig.deployDirectory Deploying web application directory [C:\Users\iOllio\Downloads\Compressed\apache-tomcat-9.0.35-windows-x64\apache-tomcat-9.0.35\webapps\host-manager]
25-May-2020 00:22:42.696 INFO [main] org.apache.catalina.startup.HostConfig.deployDirectory Deployment of web application directory [C:\Users\iOllio\Downloads\Compressed\apache-tomcat-9.0.35-windows-x64\apache-tomcat-9.0.35\webapps\host-manager] has finished in [78] ms
25-May-2020 00:22:42.696 INFO [main] org.apache.catalina.startup.HostConfig.deployDirectory Deploying web application directory [C:\Users\iOllio\Downloads\Compressed\apache-tomcat-9.0.35-windows-x64\apache-tomcat-9.0.35\webapps\manager]
25-May-2020 00:22:42.774 INFO [main] org.apache.catalina.startup.HostConfig.deployDirectory Deployment of web application directory [C:\Users\iOllio\Downloads\Compressed\apache-tomcat-9.0.35-windows-x64\apache-tomcat-9.0.35\webapps\manager] has finished in [78] ms
25-May-2020 00:22:42.774 INFO [main] org.apache.catalina.startup.HostConfig.deployDirectory Deploying web application directory [C:\Users\iOllio\Downloads\Compressed\apache-tomcat-9.0.35-windows-x64\apache-tomcat-9.0.35\webapps\ROOT]
25-May-2020 00:22:42.805 INFO [main] org.apache.catalina.startup.HostConfig.deployDirectory Deployment of web application directory [C:\Users\iOllio\Downloads\Compressed\apache-tomcat-9.0.35-windows-x64\apache-tomcat-9.0.35\webapps\ROOT] has finished in [31] ms
25-May-2020 00:22:42.821 INFO [main] org.apache.coyote.AbstractProtocol.start Starting ProtocolHandler ["http-nio-8080"]
25-May-2020 00:22:42.837 INFO [main] org.apache.catalina.startup.Catalina.start Server startup in [2,387] milliseconds
25-May-2020 00:22:44.558 INFO [http-nio-8080-exec-10] org.apache.catalina.startup.HostConfig.deployDescriptor Deploying deployment descriptor [C:\Users\iOllio\Downloads\Compressed\apache-tomcat-9.0.35-windows-x64\apache-tomcat-9.0.35\conf\Catalina\localhost\lab2_cau2_login_database.xml]
25-May-2020 00:22:44.561 WARNING [http-nio-8080-exec-10] org.apache.catalina.startup.HostConfig.deployDescriptor The path attribute with value [/lab2_cau2_login_database] in deployment descriptor [C:\Users\iOllio\Downloads\Compressed\apache-tomcat-9.0.35-windows-x64\apache-tomcat-9.0.35\conf\Catalina\localhost\lab2_cau2_login_database.xml] has been ignored
25-May-2020 00:22:44.568 WARNING [http-nio-8080-exec-10] org.apache.catalina.startup.SetContextPropertiesRule.begin [SetContextPropertiesRule]{Context} Setting property 'antiJARLocking' to 'true' did not find a matching property.
25-May-2020 00:22:44.760 INFO [http-nio-8080-exec-10] org.apache.jasper.servlet.TldScanner.scanJars At least one JAR was scanned for TLDs yet contained no TLDs. Enable debug logging for this logger for a complete list of JARs that were scanned but no TLDs were found in them. Skipping unneeded JARs during scanning can improve startup time and JSP compilation time.
25-May-2020 00:22:44.760 INFO [http-nio-8080-exec-10] org.apache.catalina.startup.HostConfig.deployDescriptor Deployment of deployment descriptor [C:\Users\iOllio\Downloads\Compressed\apache-tomcat-9.0.35-windows-x64\apache-tomcat-9.0.35\conf\Catalina\localhost\lab2_cau2_login_database.xml] has finished in [203] ms
25-May-2020 00:22:44.776 INFO [http-nio-8080-exec-1] org.apache.catalina.util.LifecycleBase.start The start() method was called on component [StandardEngine[Catalina].StandardHost[localhost].StandardContext[/lab2_cau2_login_database]] after start() had already been called. The second call will be ignored.
25-May-2020 00:23:58.202 INFO [main] org.apache.catalina.core.StandardServer.await A valid shutdown command was received via the shutdown port. Stopping the Server instance.
25-May-2020 00:23:58.202 INFO [main] org.apache.coyote.AbstractProtocol.pause Pausing ProtocolHandler ["http-nio-8080"]
25-May-2020 00:23:58.463 INFO [main] org.apache.catalina.core.StandardService.stopInternal Stopping service [Catalina]
25-May-2020 00:23:58.557 WARNING [main] org.apache.catalina.loader.WebappClassLoaderBase.clearReferencesJdbc The web application [lab2_cau2_login_database] registered the JDBC driver [com.microsoft.sqlserver.jdbc.SQLServerDriver] but failed to unregister it when the web application was stopped. To prevent a memory leak, the JDBC Driver has been forcibly unregistered.
25-May-2020 00:23:58.573 INFO [main] org.apache.coyote.AbstractProtocol.stop Stopping ProtocolHandler ["http-nio-8080"]
25-May-2020 00:23:58.573 INFO [main] org.apache.coyote.AbstractProtocol.destroy Destroying ProtocolHandler ["http-nio-8080"]
25-May-2020 00:24:01.777 INFO [main] org.apache.catalina.startup.VersionLoggerListener.log Server version name:   Apache Tomcat/9.0.35
25-May-2020 00:24:01.777 INFO [main] org.apache.catalina.startup.VersionLoggerListener.log Server built:          May 5 2020 20:36:20 UTC
25-May-2020 00:24:01.777 INFO [main] org.apache.catalina.startup.VersionLoggerListener.log Server version number: 9.0.35.0
25-May-2020 00:24:01.777 INFO [main] org.apache.catalina.startup.VersionLoggerListener.log OS Name:               Windows 10
25-May-2020 00:24:01.777 INFO [main] org.apache.catalina.startup.VersionLoggerListener.log OS Version:            10.0
25-May-2020 00:24:01.777 INFO [main] org.apache.catalina.startup.VersionLoggerListener.log Architecture:          amd64
25-May-2020 00:24:01.777 INFO [main] org.apache.catalina.startup.VersionLoggerListener.log Java Home:             C:\Program Files\Java\jdk-13.0.2
25-May-2020 00:24:01.777 INFO [main] org.apache.catalina.startup.VersionLoggerListener.log JVM Version:           13.0.2+8
25-May-2020 00:24:01.777 INFO [main] org.apache.catalina.startup.VersionLoggerListener.log JVM Vendor:            Oracle Corporation
25-May-2020 00:24:01.777 INFO [main] org.apache.catalina.startup.VersionLoggerListener.log CATALINA_BASE:         C:\Users\iOllio\Downloads\Compressed\apache-tomcat-9.0.35-windows-x64\apache-tomcat-9.0.35
25-May-2020 00:24:01.777 INFO [main] org.apache.catalina.startup.VersionLoggerListener.log CATALINA_HOME:         C:\Users\iOllio\Downloads\Compressed\apache-tomcat-9.0.35-windows-x64\apache-tomcat-9.0.35
25-May-2020 00:24:01.792 INFO [main] org.apache.catalina.startup.VersionLoggerListener.log Command line argument: --add-opens=java.base/java.lang=ALL-UNNAMED
25-May-2020 00:24:01.792 INFO [main] org.apache.catalina.startup.VersionLoggerListener.log Command line argument: --add-opens=java.base/java.io=ALL-UNNAMED
25-May-2020 00:24:01.792 INFO [main] org.apache.catalina.startup.VersionLoggerListener.log Command line argument: --add-opens=java.rmi/sun.rmi.transport=ALL-UNNAMED
25-May-2020 00:24:01.792 INFO [main] org.apache.catalina.startup.VersionLoggerListener.log Command line argument: -Djava.util.logging.config.file=C:\Users\iOllio\Downloads\Compressed\apache-tomcat-9.0.35-windows-x64\apache-tomcat-9.0.35\conf\logging.properties
25-May-2020 00:24:01.792 INFO [main] org.apache.catalina.startup.VersionLoggerListener.log Command line argument: -Djava.util.logging.manager=org.apache.juli.ClassLoaderLogManager
25-May-2020 00:24:01.792 INFO [main] org.apache.catalina.startup.VersionLoggerListener.log Command line argument: -Dhttp.nonProxyHosts=localhost|127.0.0.1|DESKTOP-33SEF19
25-May-2020 00:24:01.792 INFO [main] org.apache.catalina.startup.VersionLoggerListener.log Command line argument: -Djdk.tls.ephemeralDHKeySize=2048
25-May-2020 00:24:01.792 INFO [main] org.apache.catalina.startup.VersionLoggerListener.log Command line argument: -Djava.protocol.handler.pkgs=org.apache.catalina.webresources
25-May-2020 00:24:01.792 INFO [main] org.apache.catalina.startup.VersionLoggerListener.log Command line argument: -Dignore.endorsed.dirs=
25-May-2020 00:24:01.792 INFO [main] org.apache.catalina.startup.VersionLoggerListener.log Command line argument: -Dcatalina.base=C:\Users\iOllio\Downloads\Compressed\apache-tomcat-9.0.35-windows-x64\apache-tomcat-9.0.35
25-May-2020 00:24:01.792 INFO [main] org.apache.catalina.startup.VersionLoggerListener.log Command line argument: -Dcatalina.home=C:\Users\iOllio\Downloads\Compressed\apache-tomcat-9.0.35-windows-x64\apache-tomcat-9.0.35
25-May-2020 00:24:01.792 INFO [main] org.apache.catalina.startup.VersionLoggerListener.log Command line argument: -Djava.io.tmpdir=C:\Users\iOllio\Downloads\Compressed\apache-tomcat-9.0.35-windows-x64\apache-tomcat-9.0.35\temp
25-May-2020 00:24:01.792 INFO [main] org.apache.catalina.core.AprLifecycleListener.lifecycleEvent Loaded Apache Tomcat Native library [1.2.24] using APR version [1.7.0].
25-May-2020 00:24:01.792 INFO [main] org.apache.catalina.core.AprLifecycleListener.lifecycleEvent APR capabilities: IPv6 [true], sendfile [true], accept filters [false], random [true].
25-May-2020 00:24:01.824 INFO [main] org.apache.catalina.core.AprLifecycleListener.lifecycleEvent APR/OpenSSL configuration: useAprConnector [false], useOpenSSL [true]
25-May-2020 00:24:01.824 INFO [main] org.apache.catalina.core.AprLifecycleListener.initializeSSL OpenSSL successfully initialized [OpenSSL 1.1.1g  21 Apr 2020]
25-May-2020 00:24:02.199 INFO [main] org.apache.coyote.AbstractProtocol.init Initializing ProtocolHandler ["http-nio-8080"]
25-May-2020 00:24:02.668 INFO [main] org.apache.catalina.startup.Catalina.load Server initialization in [1,141] milliseconds
25-May-2020 00:24:02.730 INFO [main] org.apache.catalina.core.StandardService.startInternal Starting service [Catalina]
25-May-2020 00:24:02.730 INFO [main] org.apache.catalina.core.StandardEngine.startInternal Starting Servlet engine: [Apache Tomcat/9.0.35]
25-May-2020 00:24:02.746 INFO [main] org.apache.catalina.startup.HostConfig.deployDescriptor Deploying deployment descriptor [C:\Users\iOllio\Downloads\Compressed\apache-tomcat-9.0.35-windows-x64\apache-tomcat-9.0.35\conf\Catalina\localhost\A.xml]
25-May-2020 00:24:02.777 WARNING [main] org.apache.catalina.startup.HostConfig.deployDescriptor The path attribute with value [/A] in deployment descriptor [C:\Users\iOllio\Downloads\Compressed\apache-tomcat-9.0.35-windows-x64\apache-tomcat-9.0.35\conf\Catalina\localhost\A.xml] has been ignored
25-May-2020 00:24:02.824 SEVERE [main] org.apache.catalina.startup.HostConfig.deployDescriptor Error deploying deployment descriptor [C:\Users\iOllio\Downloads\Compressed\apache-tomcat-9.0.35-windows-x64\apache-tomcat-9.0.35\conf\Catalina\localhost\A.xml]
	java.lang.IllegalStateException: Error starting child
		at org.apache.catalina.core.ContainerBase.addChildInternal(ContainerBase.java:720)
		at org.apache.catalina.core.ContainerBase.addChild(ContainerBase.java:690)
		at org.apache.catalina.core.StandardHost.addChild(StandardHost.java:705)
		at org.apache.catalina.startup.HostConfig.deployDescriptor(HostConfig.java:631)
		at org.apache.catalina.startup.HostConfig$DeployDescriptor.run(HostConfig.java:1830)
		at java.base/java.util.concurrent.Executors$RunnableAdapter.call(Executors.java:515)
		at java.base/java.util.concurrent.FutureTask.run(FutureTask.java:264)
		at org.apache.tomcat.util.threads.InlineExecutorService.execute(InlineExecutorService.java:75)
		at java.base/java.util.concurrent.AbstractExecutorService.submit(AbstractExecutorService.java:118)
		at org.apache.catalina.startup.HostConfig.deployDescriptors(HostConfig.java:526)
		at org.apache.catalina.startup.HostConfig.deployApps(HostConfig.java:425)
		at org.apache.catalina.startup.HostConfig.start(HostConfig.java:1576)
		at org.apache.catalina.startup.HostConfig.lifecycleEvent(HostConfig.java:309)
		at org.apache.catalina.util.LifecycleBase.fireLifecycleEvent(LifecycleBase.java:123)
		at org.apache.catalina.util.LifecycleBase.setStateInternal(LifecycleBase.java:423)
		at org.apache.catalina.util.LifecycleBase.setState(LifecycleBase.java:366)
		at org.apache.catalina.core.ContainerBase.startInternal(ContainerBase.java:936)
		at org.apache.catalina.core.StandardHost.startInternal(StandardHost.java:841)
		at org.apache.catalina.util.LifecycleBase.start(LifecycleBase.java:183)
		at org.apache.catalina.core.ContainerBase$StartChild.call(ContainerBase.java:1384)
		at org.apache.catalina.core.ContainerBase$StartChild.call(ContainerBase.java:1374)
		at java.base/java.util.concurrent.FutureTask.run(FutureTask.java:264)
		at org.apache.tomcat.util.threads.InlineExecutorService.execute(InlineExecutorService.java:75)
		at java.base/java.util.concurrent.AbstractExecutorService.submit(AbstractExecutorService.java:140)
		at org.apache.catalina.core.ContainerBase.startInternal(ContainerBase.java:909)
		at org.apache.catalina.core.StandardEngine.startInternal(StandardEngine.java:262)
		at org.apache.catalina.util.LifecycleBase.start(LifecycleBase.java:183)
		at org.apache.catalina.core.StandardService.startInternal(StandardService.java:421)
		at org.apache.catalina.util.LifecycleBase.start(LifecycleBase.java:183)
		at org.apache.catalina.core.StandardServer.startInternal(StandardServer.java:930)
		at org.apache.catalina.util.LifecycleBase.start(LifecycleBase.java:183)
		at org.apache.catalina.startup.Catalina.start(Catalina.java:633)
		at java.base/jdk.internal.reflect.NativeMethodAccessorImpl.invoke0(Native Method)
		at java.base/jdk.internal.reflect.NativeMethodAccessorImpl.invoke(NativeMethodAccessorImpl.java:62)
		at java.base/jdk.internal.reflect.DelegatingMethodAccessorImpl.invoke(DelegatingMethodAccessorImpl.java:43)
		at java.base/java.lang.reflect.Method.invoke(Method.java:567)
		at org.apache.catalina.startup.Bootstrap.start(Bootstrap.java:343)
		at org.apache.catalina.startup.Bootstrap.main(Bootstrap.java:474)
	Caused by: org.apache.catalina.LifecycleException: Failed to start component [org.apache.catalina.webresources.StandardRoot@6ca18a14]
		at org.apache.catalina.util.LifecycleBase.handleSubClassException(LifecycleBase.java:440)
		at org.apache.catalina.util.LifecycleBase.start(LifecycleBase.java:198)
		at org.apache.catalina.core.StandardContext.resourcesStart(StandardContext.java:4800)
		at org.apache.catalina.core.StandardContext.startInternal(StandardContext.java:4936)
		at org.apache.catalina.util.LifecycleBase.start(LifecycleBase.java:183)
		at org.apache.catalina.core.ContainerBase.addChildInternal(ContainerBase.java:717)
		... 37 more
	Caused by: java.lang.IllegalArgumentException: The main resource set specified [C:\Users\iOllio\Documents\NetBeansProjects\A\build\web] is not valid
		at org.apache.catalina.webresources.StandardRoot.createMainResourceSet(StandardRoot.java:751)
		at org.apache.catalina.webresources.StandardRoot.startInternal(StandardRoot.java:708)
		at org.apache.catalina.util.LifecycleBase.start(LifecycleBase.java:183)
		... 41 more
25-May-2020 00:24:02.886 INFO [main] org.apache.catalina.startup.HostConfig.deployDescriptor Deployment of deployment descriptor [C:\Users\iOllio\Downloads\Compressed\apache-tomcat-9.0.35-windows-x64\apache-tomcat-9.0.35\conf\Catalina\localhost\A.xml] has finished in [140] ms
25-May-2020 00:24:02.886 INFO [main] org.apache.catalina.startup.HostConfig.deployDescriptor Deploying deployment descriptor [C:\Users\iOllio\Downloads\Compressed\apache-tomcat-9.0.35-windows-x64\apache-tomcat-9.0.35\conf\Catalina\localhost\lab2_cau2_login_database.xml]
25-May-2020 00:24:02.886 WARNING [main] org.apache.catalina.startup.HostConfig.deployDescriptor The path attribute with value [/lab2_cau2_login_database] in deployment descriptor [C:\Users\iOllio\Downloads\Compressed\apache-tomcat-9.0.35-windows-x64\apache-tomcat-9.0.35\conf\Catalina\localhost\lab2_cau2_login_database.xml] has been ignored
25-May-2020 00:24:02.902 WARNING [main] org.apache.catalina.startup.SetContextPropertiesRule.begin [SetContextPropertiesRule]{Context} Setting property 'antiJARLocking' to 'true' did not find a matching property.
25-May-2020 00:24:03.496 INFO [main] org.apache.jasper.servlet.TldScanner.scanJars At least one JAR was scanned for TLDs yet contained no TLDs. Enable debug logging for this logger for a complete list of JARs that were scanned but no TLDs were found in them. Skipping unneeded JARs during scanning can improve startup time and JSP compilation time.
25-May-2020 00:24:03.715 WARNING [main] org.apache.catalina.util.SessionIdGeneratorBase.createSecureRandom Creation of SecureRandom instance for session ID generation using [SHA1PRNG] took [203] milliseconds.
25-May-2020 00:24:03.777 INFO [main] org.apache.catalina.startup.HostConfig.deployDescriptor Deployment of deployment descriptor [C:\Users\iOllio\Downloads\Compressed\apache-tomcat-9.0.35-windows-x64\apache-tomcat-9.0.35\conf\Catalina\localhost\lab2_cau2_login_database.xml] has finished in [891] ms
25-May-2020 00:24:03.793 INFO [main] org.apache.catalina.startup.HostConfig.deployDescriptor Deploying deployment descriptor [C:\Users\iOllio\Downloads\Compressed\apache-tomcat-9.0.35-windows-x64\apache-tomcat-9.0.35\conf\Catalina\localhost\web.xml]
25-May-2020 00:24:03.793 WARNING [main] org.apache.catalina.startup.HostConfig.deployDescriptor The path attribute with value [/web] in deployment descriptor [C:\Users\iOllio\Downloads\Compressed\apache-tomcat-9.0.35-windows-x64\apache-tomcat-9.0.35\conf\Catalina\localhost\web.xml] has been ignored
25-May-2020 00:24:04.059 INFO [main] org.apache.jasper.servlet.TldScanner.scanJars At least one JAR was scanned for TLDs yet contained no TLDs. Enable debug logging for this logger for a complete list of JARs that were scanned but no TLDs were found in them. Skipping unneeded JARs during scanning can improve startup time and JSP compilation time.
25-May-2020 00:24:04.059 INFO [main] org.apache.catalina.startup.HostConfig.deployDescriptor Deployment of deployment descriptor [C:\Users\iOllio\Downloads\Compressed\apache-tomcat-9.0.35-windows-x64\apache-tomcat-9.0.35\conf\Catalina\localhost\web.xml] has finished in [266] ms
25-May-2020 00:24:04.059 INFO [main] org.apache.catalina.startup.HostConfig.deployDirectory Deploying web application directory [C:\Users\iOllio\Downloads\Compressed\apache-tomcat-9.0.35-windows-x64\apache-tomcat-9.0.35\webapps\docs]
25-May-2020 00:24:04.090 INFO [main] org.apache.catalina.startup.HostConfig.deployDirectory Deployment of web application directory [C:\Users\iOllio\Downloads\Compressed\apache-tomcat-9.0.35-windows-x64\apache-tomcat-9.0.35\webapps\docs] has finished in [31] ms
25-May-2020 00:24:04.090 INFO [main] org.apache.catalina.startup.HostConfig.deployDirectory Deploying web application directory [C:\Users\iOllio\Downloads\Compressed\apache-tomcat-9.0.35-windows-x64\apache-tomcat-9.0.35\webapps\examples]
25-May-2020 00:24:04.731 INFO [main] org.apache.catalina.startup.HostConfig.deployDirectory Deployment of web application directory [C:\Users\iOllio\Downloads\Compressed\apache-tomcat-9.0.35-windows-x64\apache-tomcat-9.0.35\webapps\examples] has finished in [641] ms
25-May-2020 00:24:04.731 INFO [main] org.apache.catalina.startup.HostConfig.deployDirectory Deploying web application directory [C:\Users\iOllio\Downloads\Compressed\apache-tomcat-9.0.35-windows-x64\apache-tomcat-9.0.35\webapps\host-manager]
25-May-2020 00:24:04.778 INFO [main] org.apache.catalina.startup.HostConfig.deployDirectory Deployment of web application directory [C:\Users\iOllio\Downloads\Compressed\apache-tomcat-9.0.35-windows-x64\apache-tomcat-9.0.35\webapps\host-manager] has finished in [47] ms
25-May-2020 00:24:04.778 INFO [main] org.apache.catalina.startup.HostConfig.deployDirectory Deploying web application directory [C:\Users\iOllio\Downloads\Compressed\apache-tomcat-9.0.35-windows-x64\apache-tomcat-9.0.35\webapps\manager]
25-May-2020 00:24:04.824 INFO [main] org.apache.catalina.startup.HostConfig.deployDirectory Deployment of web application directory [C:\Users\iOllio\Downloads\Compressed\apache-tomcat-9.0.35-windows-x64\apache-tomcat-9.0.35\webapps\manager] has finished in [46] ms
25-May-2020 00:24:04.824 INFO [main] org.apache.catalina.startup.HostConfig.deployDirectory Deploying web application directory [C:\Users\iOllio\Downloads\Compressed\apache-tomcat-9.0.35-windows-x64\apache-tomcat-9.0.35\webapps\ROOT]
25-May-2020 00:24:04.856 INFO [main] org.apache.catalina.startup.HostConfig.deployDirectory Deployment of web application directory [C:\Users\iOllio\Downloads\Compressed\apache-tomcat-9.0.35-windows-x64\apache-tomcat-9.0.35\webapps\ROOT] has finished in [32] ms
25-May-2020 00:24:04.871 INFO [main] org.apache.coyote.AbstractProtocol.start Starting ProtocolHandler ["http-nio-8080"]
25-May-2020 00:24:04.887 INFO [main] org.apache.catalina.startup.Catalina.start Server startup in [2,221] milliseconds
25-May-2020 00:24:39.492 INFO [main] org.apache.catalina.core.StandardServer.await A valid shutdown command was received via the shutdown port. Stopping the Server instance.
25-May-2020 00:24:39.492 INFO [main] org.apache.coyote.AbstractProtocol.pause Pausing ProtocolHandler ["http-nio-8080"]
25-May-2020 00:24:39.711 INFO [main] org.apache.catalina.core.StandardService.stopInternal Stopping service [Catalina]
25-May-2020 00:24:39.742 INFO [main] org.apache.coyote.AbstractProtocol.stop Stopping ProtocolHandler ["http-nio-8080"]
25-May-2020 00:24:39.757 INFO [main] org.apache.coyote.AbstractProtocol.destroy Destroying ProtocolHandler ["http-nio-8080"]
25-May-2020 08:05:30.792 INFO [main] org.apache.catalina.startup.VersionLoggerListener.log Server version name:   Apache Tomcat/9.0.35
25-May-2020 08:05:30.800 INFO [main] org.apache.catalina.startup.VersionLoggerListener.log Server built:          May 5 2020 20:36:20 UTC
25-May-2020 08:05:30.800 INFO [main] org.apache.catalina.startup.VersionLoggerListener.log Server version number: 9.0.35.0
25-May-2020 08:05:30.800 INFO [main] org.apache.catalina.startup.VersionLoggerListener.log OS Name:               Windows 10
25-May-2020 08:05:30.804 INFO [main] org.apache.catalina.startup.VersionLoggerListener.log OS Version:            10.0
25-May-2020 08:05:30.804 INFO [main] org.apache.catalina.startup.VersionLoggerListener.log Architecture:          amd64
25-May-2020 08:05:30.804 INFO [main] org.apache.catalina.startup.VersionLoggerListener.log Java Home:             C:\Program Files\Java\jdk-13.0.2
25-May-2020 08:05:30.804 INFO [main] org.apache.catalina.startup.VersionLoggerListener.log JVM Version:           13.0.2+8
25-May-2020 08:05:30.804 INFO [main] org.apache.catalina.startup.VersionLoggerListener.log JVM Vendor:            Oracle Corporation
25-May-2020 08:05:30.804 INFO [main] org.apache.catalina.startup.VersionLoggerListener.log CATALINA_BASE:         C:\Users\iOllio\Downloads\Compressed\apache-tomcat-9.0.35-windows-x64\apache-tomcat-9.0.35
25-May-2020 08:05:30.808 INFO [main] org.apache.catalina.startup.VersionLoggerListener.log CATALINA_HOME:         C:\Users\iOllio\Downloads\Compressed\apache-tomcat-9.0.35-windows-x64\apache-tomcat-9.0.35
25-May-2020 08:05:30.856 INFO [main] org.apache.catalina.startup.VersionLoggerListener.log Command line argument: --add-opens=java.base/java.lang=ALL-UNNAMED
25-May-2020 08:05:30.856 INFO [main] org.apache.catalina.startup.VersionLoggerListener.log Command line argument: --add-opens=java.base/java.io=ALL-UNNAMED
25-May-2020 08:05:30.856 INFO [main] org.apache.catalina.startup.VersionLoggerListener.log Command line argument: --add-opens=java.rmi/sun.rmi.transport=ALL-UNNAMED
25-May-2020 08:05:30.860 INFO [main] org.apache.catalina.startup.VersionLoggerListener.log Command line argument: -Djava.util.logging.config.file=C:\Users\iOllio\Downloads\Compressed\apache-tomcat-9.0.35-windows-x64\apache-tomcat-9.0.35\conf\logging.properties
25-May-2020 08:05:30.860 INFO [main] org.apache.catalina.startup.VersionLoggerListener.log Command line argument: -Djava.util.logging.manager=org.apache.juli.ClassLoaderLogManager
25-May-2020 08:05:30.860 INFO [main] org.apache.catalina.startup.VersionLoggerListener.log Command line argument: -Dhttp.nonProxyHosts=localhost|127.0.0.1|DESKTOP-33SEF19
25-May-2020 08:05:30.860 INFO [main] org.apache.catalina.startup.VersionLoggerListener.log Command line argument: -Djdk.tls.ephemeralDHKeySize=2048
25-May-2020 08:05:30.860 INFO [main] org.apache.catalina.startup.VersionLoggerListener.log Command line argument: -Djava.protocol.handler.pkgs=org.apache.catalina.webresources
25-May-2020 08:05:30.860 INFO [main] org.apache.catalina.startup.VersionLoggerListener.log Command line argument: -Dignore.endorsed.dirs=
25-May-2020 08:05:30.860 INFO [main] org.apache.catalina.startup.VersionLoggerListener.log Command line argument: -Dcatalina.base=C:\Users\iOllio\Downloads\Compressed\apache-tomcat-9.0.35-windows-x64\apache-tomcat-9.0.35
25-May-2020 08:05:30.860 INFO [main] org.apache.catalina.startup.VersionLoggerListener.log Command line argument: -Dcatalina.home=C:\Users\iOllio\Downloads\Compressed\apache-tomcat-9.0.35-windows-x64\apache-tomcat-9.0.35
25-May-2020 08:05:30.860 INFO [main] org.apache.catalina.startup.VersionLoggerListener.log Command line argument: -Djava.io.tmpdir=C:\Users\iOllio\Downloads\Compressed\apache-tomcat-9.0.35-windows-x64\apache-tomcat-9.0.35\temp
25-May-2020 08:05:30.860 INFO [main] org.apache.catalina.core.AprLifecycleListener.lifecycleEvent Loaded Apache Tomcat Native library [1.2.24] using APR version [1.7.0].
25-May-2020 08:05:30.860 INFO [main] org.apache.catalina.core.AprLifecycleListener.lifecycleEvent APR capabilities: IPv6 [true], sendfile [true], accept filters [false], random [true].
25-May-2020 08:05:30.928 INFO [main] org.apache.catalina.core.AprLifecycleListener.lifecycleEvent APR/OpenSSL configuration: useAprConnector [false], useOpenSSL [true]
25-May-2020 08:05:30.984 INFO [main] org.apache.catalina.core.AprLifecycleListener.initializeSSL OpenSSL successfully initialized [OpenSSL 1.1.1g  21 Apr 2020]
25-May-2020 08:05:32.108 INFO [main] org.apache.coyote.AbstractProtocol.init Initializing ProtocolHandler ["http-nio-8080"]
25-May-2020 08:05:33.080 INFO [main] org.apache.catalina.startup.Catalina.load Server initialization in [2,986] milliseconds
25-May-2020 08:05:33.260 INFO [main] org.apache.catalina.core.StandardService.startInternal Starting service [Catalina]
25-May-2020 08:05:33.264 INFO [main] org.apache.catalina.core.StandardEngine.startInternal Starting Servlet engine: [Apache Tomcat/9.0.35]
25-May-2020 08:05:33.296 INFO [main] org.apache.catalina.startup.HostConfig.deployDescriptor Deploying deployment descriptor [C:\Users\iOllio\Downloads\Compressed\apache-tomcat-9.0.35-windows-x64\apache-tomcat-9.0.35\conf\Catalina\localhost\A.xml]
25-May-2020 08:05:33.364 WARNING [main] org.apache.catalina.startup.HostConfig.deployDescriptor The path attribute with value [/A] in deployment descriptor [C:\Users\iOllio\Downloads\Compressed\apache-tomcat-9.0.35-windows-x64\apache-tomcat-9.0.35\conf\Catalina\localhost\A.xml] has been ignored
25-May-2020 08:05:33.633 SEVERE [main] org.apache.catalina.startup.HostConfig.deployDescriptor Error deploying deployment descriptor [C:\Users\iOllio\Downloads\Compressed\apache-tomcat-9.0.35-windows-x64\apache-tomcat-9.0.35\conf\Catalina\localhost\A.xml]
	java.lang.IllegalStateException: Error starting child
		at org.apache.catalina.core.ContainerBase.addChildInternal(ContainerBase.java:720)
		at org.apache.catalina.core.ContainerBase.addChild(ContainerBase.java:690)
		at org.apache.catalina.core.StandardHost.addChild(StandardHost.java:705)
		at org.apache.catalina.startup.HostConfig.deployDescriptor(HostConfig.java:631)
		at org.apache.catalina.startup.HostConfig$DeployDescriptor.run(HostConfig.java:1830)
		at java.base/java.util.concurrent.Executors$RunnableAdapter.call(Executors.java:515)
		at java.base/java.util.concurrent.FutureTask.run(FutureTask.java:264)
		at org.apache.tomcat.util.threads.InlineExecutorService.execute(InlineExecutorService.java:75)
		at java.base/java.util.concurrent.AbstractExecutorService.submit(AbstractExecutorService.java:118)
		at org.apache.catalina.startup.HostConfig.deployDescriptors(HostConfig.java:526)
		at org.apache.catalina.startup.HostConfig.deployApps(HostConfig.java:425)
		at org.apache.catalina.startup.HostConfig.start(HostConfig.java:1576)
		at org.apache.catalina.startup.HostConfig.lifecycleEvent(HostConfig.java:309)
		at org.apache.catalina.util.LifecycleBase.fireLifecycleEvent(LifecycleBase.java:123)
		at org.apache.catalina.util.LifecycleBase.setStateInternal(LifecycleBase.java:423)
		at org.apache.catalina.util.LifecycleBase.setState(LifecycleBase.java:366)
		at org.apache.catalina.core.ContainerBase.startInternal(ContainerBase.java:936)
		at org.apache.catalina.core.StandardHost.startInternal(StandardHost.java:841)
		at org.apache.catalina.util.LifecycleBase.start(LifecycleBase.java:183)
		at org.apache.catalina.core.ContainerBase$StartChild.call(ContainerBase.java:1384)
		at org.apache.catalina.core.ContainerBase$StartChild.call(ContainerBase.java:1374)
		at java.base/java.util.concurrent.FutureTask.run(FutureTask.java:264)
		at org.apache.tomcat.util.threads.InlineExecutorService.execute(InlineExecutorService.java:75)
		at java.base/java.util.concurrent.AbstractExecutorService.submit(AbstractExecutorService.java:140)
		at org.apache.catalina.core.ContainerBase.startInternal(ContainerBase.java:909)
		at org.apache.catalina.core.StandardEngine.startInternal(StandardEngine.java:262)
		at org.apache.catalina.util.LifecycleBase.start(LifecycleBase.java:183)
		at org.apache.catalina.core.StandardService.startInternal(StandardService.java:421)
		at org.apache.catalina.util.LifecycleBase.start(LifecycleBase.java:183)
		at org.apache.catalina.core.StandardServer.startInternal(StandardServer.java:930)
		at org.apache.catalina.util.LifecycleBase.start(LifecycleBase.java:183)
		at org.apache.catalina.startup.Catalina.start(Catalina.java:633)
		at java.base/jdk.internal.reflect.NativeMethodAccessorImpl.invoke0(Native Method)
		at java.base/jdk.internal.reflect.NativeMethodAccessorImpl.invoke(NativeMethodAccessorImpl.java:62)
		at java.base/jdk.internal.reflect.DelegatingMethodAccessorImpl.invoke(DelegatingMethodAccessorImpl.java:43)
		at java.base/java.lang.reflect.Method.invoke(Method.java:567)
		at org.apache.catalina.startup.Bootstrap.start(Bootstrap.java:343)
		at org.apache.catalina.startup.Bootstrap.main(Bootstrap.java:474)
	Caused by: org.apache.catalina.LifecycleException: Failed to start component [org.apache.catalina.webresources.StandardRoot@1890516e]
		at org.apache.catalina.util.LifecycleBase.handleSubClassException(LifecycleBase.java:440)
		at org.apache.catalina.util.LifecycleBase.start(LifecycleBase.java:198)
		at org.apache.catalina.core.StandardContext.resourcesStart(StandardContext.java:4800)
		at org.apache.catalina.core.StandardContext.startInternal(StandardContext.java:4936)
		at org.apache.catalina.util.LifecycleBase.start(LifecycleBase.java:183)
		at org.apache.catalina.core.ContainerBase.addChildInternal(ContainerBase.java:717)
		... 37 more
	Caused by: java.lang.IllegalArgumentException: The main resource set specified [C:\Users\iOllio\Documents\NetBeansProjects\A\build\web] is not valid
		at org.apache.catalina.webresources.StandardRoot.createMainResourceSet(StandardRoot.java:751)
		at org.apache.catalina.webresources.StandardRoot.startInternal(StandardRoot.java:708)
		at org.apache.catalina.util.LifecycleBase.start(LifecycleBase.java:183)
		... 41 more
25-May-2020 08:05:33.689 INFO [main] org.apache.catalina.startup.HostConfig.deployDescriptor Deployment of deployment descriptor [C:\Users\iOllio\Downloads\Compressed\apache-tomcat-9.0.35-windows-x64\apache-tomcat-9.0.35\conf\Catalina\localhost\A.xml] has finished in [389] ms
25-May-2020 08:05:33.689 INFO [main] org.apache.catalina.startup.HostConfig.deployDescriptor Deploying deployment descriptor [C:\Users\iOllio\Downloads\Compressed\apache-tomcat-9.0.35-windows-x64\apache-tomcat-9.0.35\conf\Catalina\localhost\lab2_cau2_login_database.xml]
25-May-2020 08:05:33.721 WARNING [main] org.apache.catalina.startup.HostConfig.deployDescriptor The path attribute with value [/lab2_cau2_login_database] in deployment descriptor [C:\Users\iOllio\Downloads\Compressed\apache-tomcat-9.0.35-windows-x64\apache-tomcat-9.0.35\conf\Catalina\localhost\lab2_cau2_login_database.xml] has been ignored
25-May-2020 08:05:33.889 WARNING [main] org.apache.catalina.startup.SetContextPropertiesRule.begin [SetContextPropertiesRule]{Context} Setting property 'antiJARLocking' to 'true' did not find a matching property.
25-May-2020 08:05:35.377 INFO [main] org.apache.jasper.servlet.TldScanner.scanJars At least one JAR was scanned for TLDs yet contained no TLDs. Enable debug logging for this logger for a complete list of JARs that were scanned but no TLDs were found in them. Skipping unneeded JARs during scanning can improve startup time and JSP compilation time.
25-May-2020 08:05:35.873 WARNING [main] org.apache.catalina.util.SessionIdGeneratorBase.createSecureRandom Creation of SecureRandom instance for session ID generation using [SHA1PRNG] took [424] milliseconds.
25-May-2020 08:05:35.945 INFO [main] org.apache.catalina.startup.HostConfig.deployDescriptor Deployment of deployment descriptor [C:\Users\iOllio\Downloads\Compressed\apache-tomcat-9.0.35-windows-x64\apache-tomcat-9.0.35\conf\Catalina\localhost\lab2_cau2_login_database.xml] has finished in [2,256] ms
25-May-2020 08:05:35.945 INFO [main] org.apache.catalina.startup.HostConfig.deployDescriptor Deploying deployment descriptor [C:\Users\iOllio\Downloads\Compressed\apache-tomcat-9.0.35-windows-x64\apache-tomcat-9.0.35\conf\Catalina\localhost\web.xml]
25-May-2020 08:05:35.949 WARNING [main] org.apache.catalina.startup.HostConfig.deployDescriptor The path attribute with value [/web] in deployment descriptor [C:\Users\iOllio\Downloads\Compressed\apache-tomcat-9.0.35-windows-x64\apache-tomcat-9.0.35\conf\Catalina\localhost\web.xml] has been ignored
25-May-2020 08:05:36.553 INFO [main] org.apache.jasper.servlet.TldScanner.scanJars At least one JAR was scanned for TLDs yet contained no TLDs. Enable debug logging for this logger for a complete list of JARs that were scanned but no TLDs were found in them. Skipping unneeded JARs during scanning can improve startup time and JSP compilation time.
25-May-2020 08:05:36.561 INFO [main] org.apache.catalina.startup.HostConfig.deployDescriptor Deployment of deployment descriptor [C:\Users\iOllio\Downloads\Compressed\apache-tomcat-9.0.35-windows-x64\apache-tomcat-9.0.35\conf\Catalina\localhost\web.xml] has finished in [616] ms
25-May-2020 08:05:36.561 INFO [main] org.apache.catalina.startup.HostConfig.deployDirectory Deploying web application directory [C:\Users\iOllio\Downloads\Compressed\apache-tomcat-9.0.35-windows-x64\apache-tomcat-9.0.35\webapps\docs]
25-May-2020 08:05:36.645 INFO [main] org.apache.catalina.startup.HostConfig.deployDirectory Deployment of web application directory [C:\Users\iOllio\Downloads\Compressed\apache-tomcat-9.0.35-windows-x64\apache-tomcat-9.0.35\webapps\docs] has finished in [84] ms
25-May-2020 08:05:36.649 INFO [main] org.apache.catalina.startup.HostConfig.deployDirectory Deploying web application directory [C:\Users\iOllio\Downloads\Compressed\apache-tomcat-9.0.35-windows-x64\apache-tomcat-9.0.35\webapps\examples]
25-May-2020 08:05:38.362 INFO [main] org.apache.catalina.startup.HostConfig.deployDirectory Deployment of web application directory [C:\Users\iOllio\Downloads\Compressed\apache-tomcat-9.0.35-windows-x64\apache-tomcat-9.0.35\webapps\examples] has finished in [1,717] ms
25-May-2020 08:05:38.362 INFO [main] org.apache.catalina.startup.HostConfig.deployDirectory Deploying web application directory [C:\Users\iOllio\Downloads\Compressed\apache-tomcat-9.0.35-windows-x64\apache-tomcat-9.0.35\webapps\host-manager]
25-May-2020 08:05:38.486 INFO [main] org.apache.catalina.startup.HostConfig.deployDirectory Deployment of web application directory [C:\Users\iOllio\Downloads\Compressed\apache-tomcat-9.0.35-windows-x64\apache-tomcat-9.0.35\webapps\host-manager] has finished in [124] ms
25-May-2020 08:05:38.490 INFO [main] org.apache.catalina.startup.HostConfig.deployDirectory Deploying web application directory [C:\Users\iOllio\Downloads\Compressed\apache-tomcat-9.0.35-windows-x64\apache-tomcat-9.0.35\webapps\manager]
25-May-2020 08:05:38.610 INFO [main] org.apache.catalina.startup.HostConfig.deployDirectory Deployment of web application directory [C:\Users\iOllio\Downloads\Compressed\apache-tomcat-9.0.35-windows-x64\apache-tomcat-9.0.35\webapps\manager] has finished in [120] ms
25-May-2020 08:05:38.610 INFO [main] org.apache.catalina.startup.HostConfig.deployDirectory Deploying web application directory [C:\Users\iOllio\Downloads\Compressed\apache-tomcat-9.0.35-windows-x64\apache-tomcat-9.0.35\webapps\ROOT]
25-May-2020 08:05:38.710 INFO [main] org.apache.catalina.startup.HostConfig.deployDirectory Deployment of web application directory [C:\Users\iOllio\Downloads\Compressed\apache-tomcat-9.0.35-windows-x64\apache-tomcat-9.0.35\webapps\ROOT] has finished in [100] ms
25-May-2020 08:05:38.722 INFO [main] org.apache.coyote.AbstractProtocol.start Starting ProtocolHandler ["http-nio-8080"]
25-May-2020 08:05:38.742 INFO [main] org.apache.catalina.startup.Catalina.start Server startup in [5,661] milliseconds
