04-Jul-2020 07:40:21.861 INFO [main] org.apache.catalina.core.ApplicationContext.log SessionListener: contextDestroyed()
04-Jul-2020 07:40:21.861 INFO [main] org.apache.catalina.core.ApplicationContext.log ContextListener: contextDestroyed()
04-Jul-2020 07:54:24.259 INFO [main] org.apache.catalina.core.ApplicationContext.log ContextListener: contextInitialized()
04-Jul-2020 07:54:24.259 INFO [main] org.apache.catalina.core.ApplicationContext.log SessionListener: contextInitialized()
04-Jul-2020 07:54:24.262 INFO [main] org.apache.catalina.core.ApplicationContext.log ContextListener: attributeAdded('StockTicker', 'async.Stockticker@624a24f6')
04-Jul-2020 08:44:50.015 INFO [main] org.apache.catalina.core.ApplicationContext.log SessionListener: contextDestroyed()
04-Jul-2020 08:44:50.015 INFO [main] org.apache.catalina.core.ApplicationContext.log ContextListener: contextDestroyed()
04-Jul-2020 11:26:43.656 INFO [main] org.apache.catalina.core.ApplicationContext.log ContextListener: contextInitialized()
04-Jul-2020 11:26:43.656 INFO [main] org.apache.catalina.core.ApplicationContext.log SessionListener: contextInitialized()
04-Jul-2020 11:26:43.671 INFO [main] org.apache.catalina.core.ApplicationContext.log ContextListener: attributeAdded('StockTicker', 'async.Stockticker@624a24f6')
04-Jul-2020 11:45:43.122 INFO [main] org.apache.catalina.core.ApplicationContext.log ContextListener: contextInitialized()
04-Jul-2020 11:45:43.122 INFO [main] org.apache.catalina.core.ApplicationContext.log SessionListener: contextInitialized()
04-Jul-2020 11:45:43.122 INFO [main] org.apache.catalina.core.ApplicationContext.log ContextListener: attributeAdded('StockTicker', 'async.Stockticker@2e3f79a2')
04-Jul-2020 16:47:25.750 INFO [main] org.apache.catalina.core.ApplicationContext.log ContextListener: contextInitialized()
04-Jul-2020 16:47:25.750 INFO [main] org.apache.catalina.core.ApplicationContext.log SessionListener: contextInitialized()
04-Jul-2020 16:47:25.750 INFO [main] org.apache.catalina.core.ApplicationContext.log ContextListener: attributeAdded('StockTicker', 'async.Stockticker@3e84111a')
04-Jul-2020 19:09:56.786 INFO [main] org.apache.catalina.core.ApplicationContext.log SessionListener: contextDestroyed()
04-Jul-2020 19:09:56.786 INFO [main] org.apache.catalina.core.ApplicationContext.log ContextListener: contextDestroyed()
04-Jul-2020 20:24:35.193 INFO [main] org.apache.catalina.core.ApplicationContext.log ContextListener: contextInitialized()
04-Jul-2020 20:24:35.193 INFO [main] org.apache.catalina.core.ApplicationContext.log SessionListener: contextInitialized()
04-Jul-2020 20:24:35.204 INFO [main] org.apache.catalina.core.ApplicationContext.log ContextListener: attributeAdded('StockTicker', 'async.Stockticker@10ef5fa0')
04-Jul-2020 20:45:16.813 INFO [main] org.apache.catalina.core.ApplicationContext.log SessionListener: contextDestroyed()
04-Jul-2020 20:45:16.813 INFO [main] org.apache.catalina.core.ApplicationContext.log ContextListener: contextDestroyed()
04-Jul-2020 21:17:41.368 INFO [main] org.apache.catalina.core.ApplicationContext.log ContextListener: contextInitialized()
04-Jul-2020 21:17:41.368 INFO [main] org.apache.catalina.core.ApplicationContext.log SessionListener: contextInitialized()
04-Jul-2020 21:17:41.384 INFO [main] org.apache.catalina.core.ApplicationContext.log ContextListener: attributeAdded('StockTicker', 'async.Stockticker@31edeac')
04-Jul-2020 21:24:32.451 INFO [main] org.apache.catalina.core.ApplicationContext.log SessionListener: contextDestroyed()
04-Jul-2020 21:24:32.451 INFO [main] org.apache.catalina.core.ApplicationContext.log ContextListener: contextDestroyed()
