23-May-2020 08:24:30.544 INFO [main] org.apache.catalina.core.ApplicationContext.log ContextListener: contextInitialized()
23-May-2020 08:24:30.544 INFO [main] org.apache.catalina.core.ApplicationContext.log SessionListener: contextInitialized()
23-May-2020 08:24:30.548 INFO [main] org.apache.catalina.core.ApplicationContext.log ContextListener: attributeAdded('StockTicker', 'async.Stockticker@68759011')
23-May-2020 09:17:54.575 INFO [main] org.apache.catalina.core.ApplicationContext.log SessionListener: contextDestroyed()
23-May-2020 09:17:54.575 INFO [main] org.apache.catalina.core.ApplicationContext.log ContextListener: contextDestroyed()
23-May-2020 09:18:01.076 INFO [main] org.apache.catalina.core.ApplicationContext.log ContextListener: contextInitialized()
23-May-2020 09:18:01.076 INFO [main] org.apache.catalina.core.ApplicationContext.log SessionListener: contextInitialized()
23-May-2020 09:18:01.076 INFO [main] org.apache.catalina.core.ApplicationContext.log ContextListener: attributeAdded('StockTicker', 'async.Stockticker@14bf57b2')
23-May-2020 09:34:56.888 INFO [main] org.apache.catalina.core.ApplicationContext.log ContextListener: contextInitialized()
23-May-2020 09:34:56.888 INFO [main] org.apache.catalina.core.ApplicationContext.log SessionListener: contextInitialized()
23-May-2020 09:34:56.903 INFO [main] org.apache.catalina.core.ApplicationContext.log ContextListener: attributeAdded('StockTicker', 'async.Stockticker@7b22ec89')
23-May-2020 09:36:57.761 SEVERE [http-nio-8080-exec-2] org.apache.catalina.core.StandardWrapperValve.invoke Servlet.service() for servlet [controller.LoginValidate] in context with path [/lab2_cau2_login_database_MyConnect] threw exception
	java.lang.NullPointerException
		at controller.LoginValidate.processRequest(LoginValidate.java:49)
		at controller.LoginValidate.doPost(LoginValidate.java:91)
		at javax.servlet.http.HttpServlet.service(HttpServlet.java:660)
		at javax.servlet.http.HttpServlet.service(HttpServlet.java:741)
		at org.apache.catalina.core.ApplicationFilterChain.internalDoFilter(ApplicationFilterChain.java:231)
		at org.apache.catalina.core.ApplicationFilterChain.doFilter(ApplicationFilterChain.java:166)
		at org.apache.tomcat.websocket.server.WsFilter.doFilter(WsFilter.java:53)
		at org.apache.catalina.core.ApplicationFilterChain.internalDoFilter(ApplicationFilterChain.java:193)
		at org.apache.catalina.core.ApplicationFilterChain.doFilter(ApplicationFilterChain.java:166)
		at org.apache.catalina.core.StandardWrapperValve.invoke(StandardWrapperValve.java:202)
		at org.apache.catalina.core.StandardContextValve.invoke(StandardContextValve.java:96)
		at org.apache.catalina.authenticator.AuthenticatorBase.invoke(AuthenticatorBase.java:541)
		at org.apache.catalina.core.StandardHostValve.invoke(StandardHostValve.java:139)
		at org.apache.catalina.valves.ErrorReportValve.invoke(ErrorReportValve.java:92)
		at org.apache.catalina.valves.AbstractAccessLogValve.invoke(AbstractAccessLogValve.java:690)
		at org.apache.catalina.core.StandardEngineValve.invoke(StandardEngineValve.java:74)
		at org.apache.catalina.connector.CoyoteAdapter.service(CoyoteAdapter.java:343)
		at org.apache.coyote.http11.Http11Processor.service(Http11Processor.java:373)
		at org.apache.coyote.AbstractProcessorLight.process(AbstractProcessorLight.java:65)
		at org.apache.coyote.AbstractProtocol$ConnectionHandler.process(AbstractProtocol.java:868)
		at org.apache.tomcat.util.net.NioEndpoint$SocketProcessor.doRun(NioEndpoint.java:1590)
		at org.apache.tomcat.util.net.SocketProcessorBase.run(SocketProcessorBase.java:49)
		at java.base/java.util.concurrent.ThreadPoolExecutor.runWorker(ThreadPoolExecutor.java:1128)
		at java.base/java.util.concurrent.ThreadPoolExecutor$Worker.run(ThreadPoolExecutor.java:628)
		at org.apache.tomcat.util.threads.TaskThread$WrappingRunnable.run(TaskThread.java:61)
		at java.base/java.lang.Thread.run(Thread.java:830)
23-May-2020 09:53:12.779 INFO [main] org.apache.catalina.core.ApplicationContext.log SessionListener: contextDestroyed()
23-May-2020 09:53:12.779 INFO [main] org.apache.catalina.core.ApplicationContext.log ContextListener: contextDestroyed()
