27-May-2020 09:38:35.566 INFO [main] org.apache.catalina.core.ApplicationContext.log No Spring WebApplicationInitializer types detected on classpath
27-May-2020 09:38:36.175 INFO [main] org.apache.catalina.core.ApplicationContext.log Initializing Spring FrameworkServlet 'hello-dispatcher'
27-May-2020 09:38:39.060 INFO [main] org.apache.catalina.core.ApplicationContext.log ContextListener: contextInitialized()
27-May-2020 09:38:39.060 INFO [main] org.apache.catalina.core.ApplicationContext.log SessionListener: contextInitialized()
27-May-2020 09:38:39.060 INFO [main] org.apache.catalina.core.ApplicationContext.log ContextListener: attributeAdded('StockTicker', 'async.Stockticker@34549979')
27-May-2020 09:39:09.387 WARNING [Catalina-utility-1] org.apache.catalina.session.StandardSession.doWriteObject Cannot serialize session attribute [getList] for session [F996A974C2EC71082204DFBEF163728F]
	java.io.NotSerializableException: Class.Account
		at java.base/java.io.ObjectOutputStream.writeObject0(ObjectOutputStream.java:1185)
		at java.base/java.io.ObjectOutputStream.writeObject(ObjectOutputStream.java:349)
		at java.base/java.util.ArrayList.writeObject(ArrayList.java:863)
		at java.base/jdk.internal.reflect.NativeMethodAccessorImpl.invoke0(Native Method)
		at java.base/jdk.internal.reflect.NativeMethodAccessorImpl.invoke(NativeMethodAccessorImpl.java:62)
		at java.base/jdk.internal.reflect.DelegatingMethodAccessorImpl.invoke(DelegatingMethodAccessorImpl.java:43)
		at java.base/java.lang.reflect.Method.invoke(Method.java:567)
		at java.base/java.io.ObjectStreamClass.invokeWriteObject(ObjectStreamClass.java:1130)
		at java.base/java.io.ObjectOutputStream.writeSerialData(ObjectOutputStream.java:1497)
		at java.base/java.io.ObjectOutputStream.writeOrdinaryObject(ObjectOutputStream.java:1433)
		at java.base/java.io.ObjectOutputStream.writeObject0(ObjectOutputStream.java:1179)
		at java.base/java.io.ObjectOutputStream.writeObject(ObjectOutputStream.java:349)
		at org.apache.catalina.session.StandardSession.doWriteObject(StandardSession.java:1702)
		at org.apache.catalina.session.StandardSession.writeObjectData(StandardSession.java:1057)
		at org.apache.catalina.session.StandardManager.doUnload(StandardManager.java:315)
		at org.apache.catalina.session.StandardManager.unload(StandardManager.java:267)
		at org.apache.catalina.session.StandardManager.stopInternal(StandardManager.java:382)
		at org.apache.catalina.util.LifecycleBase.stop(LifecycleBase.java:257)
		at org.apache.catalina.core.StandardContext.stopInternal(StandardContext.java:5393)
		at org.apache.catalina.util.LifecycleBase.stop(LifecycleBase.java:257)
		at org.apache.catalina.core.StandardContext.reload(StandardContext.java:3754)
		at org.apache.catalina.startup.HostConfig.reload(HostConfig.java:1403)
		at org.apache.catalina.startup.HostConfig.checkResources(HostConfig.java:1376)
		at org.apache.catalina.startup.HostConfig.check(HostConfig.java:1611)
		at org.apache.catalina.startup.HostConfig.lifecycleEvent(HostConfig.java:305)
		at org.apache.catalina.util.LifecycleBase.fireLifecycleEvent(LifecycleBase.java:123)
		at org.apache.catalina.core.ContainerBase.backgroundProcess(ContainerBase.java:1151)
		at org.apache.catalina.core.ContainerBase$ContainerBackgroundProcessor.processChildren(ContainerBase.java:1353)
		at org.apache.catalina.core.ContainerBase$ContainerBackgroundProcessor.processChildren(ContainerBase.java:1357)
		at org.apache.catalina.core.ContainerBase$ContainerBackgroundProcessor.run(ContainerBase.java:1335)
		at java.base/java.util.concurrent.Executors$RunnableAdapter.call(Executors.java:515)
		at java.base/java.util.concurrent.FutureTask.runAndReset(FutureTask.java:305)
		at java.base/java.util.concurrent.ScheduledThreadPoolExecutor$ScheduledFutureTask.run(ScheduledThreadPoolExecutor.java:305)
		at java.base/java.util.concurrent.ThreadPoolExecutor.runWorker(ThreadPoolExecutor.java:1128)
		at java.base/java.util.concurrent.ThreadPoolExecutor$Worker.run(ThreadPoolExecutor.java:628)
		at org.apache.tomcat.util.threads.TaskThread$WrappingRunnable.run(TaskThread.java:61)
		at java.base/java.lang.Thread.run(Thread.java:830)
27-May-2020 09:39:09.507 WARNING [Catalina-utility-1] org.apache.catalina.session.StandardSession.doReadObject Cannot deserialize session attribute [getList] for session [F996A974C2EC71082204DFBEF163728F]
27-May-2020 09:40:35.766 INFO [http-nio-8080-exec-16] org.apache.catalina.core.ApplicationContext.log Marking servlet [LoginValidate] as unavailable
27-May-2020 09:40:35.766 SEVERE [http-nio-8080-exec-16] org.apache.catalina.core.StandardWrapperValve.invoke Allocate exception for servlet [LoginValidate]
	java.lang.ClassNotFoundException: Controller.LoginValidate
		at org.apache.catalina.loader.WebappClassLoaderBase.loadClass(WebappClassLoaderBase.java:1365)
		at org.apache.catalina.loader.WebappClassLoaderBase.loadClass(WebappClassLoaderBase.java:1188)
		at org.apache.catalina.core.DefaultInstanceManager.loadClass(DefaultInstanceManager.java:539)
		at org.apache.catalina.core.DefaultInstanceManager.loadClassMaybePrivileged(DefaultInstanceManager.java:520)
		at org.apache.catalina.core.DefaultInstanceManager.newInstance(DefaultInstanceManager.java:150)
		at org.apache.catalina.core.StandardWrapper.loadServlet(StandardWrapper.java:1042)
		at org.apache.catalina.core.StandardWrapper.allocate(StandardWrapper.java:761)
		at org.apache.catalina.core.StandardWrapperValve.invoke(StandardWrapperValve.java:135)
		at org.apache.catalina.core.StandardContextValve.invoke(StandardContextValve.java:96)
		at org.apache.catalina.authenticator.AuthenticatorBase.invoke(AuthenticatorBase.java:541)
		at org.apache.catalina.core.StandardHostValve.invoke(StandardHostValve.java:139)
		at org.apache.catalina.valves.ErrorReportValve.invoke(ErrorReportValve.java:92)
		at org.apache.catalina.valves.AbstractAccessLogValve.invoke(AbstractAccessLogValve.java:690)
		at org.apache.catalina.core.StandardEngineValve.invoke(StandardEngineValve.java:74)
		at org.apache.catalina.connector.CoyoteAdapter.service(CoyoteAdapter.java:343)
		at org.apache.coyote.http11.Http11Processor.service(Http11Processor.java:373)
		at org.apache.coyote.AbstractProcessorLight.process(AbstractProcessorLight.java:65)
		at org.apache.coyote.AbstractProtocol$ConnectionHandler.process(AbstractProtocol.java:868)
		at org.apache.tomcat.util.net.NioEndpoint$SocketProcessor.doRun(NioEndpoint.java:1590)
		at org.apache.tomcat.util.net.SocketProcessorBase.run(SocketProcessorBase.java:49)
		at java.base/java.util.concurrent.ThreadPoolExecutor.runWorker(ThreadPoolExecutor.java:1128)
		at java.base/java.util.concurrent.ThreadPoolExecutor$Worker.run(ThreadPoolExecutor.java:628)
		at org.apache.tomcat.util.threads.TaskThread$WrappingRunnable.run(TaskThread.java:61)
		at java.base/java.lang.Thread.run(Thread.java:830)
27-May-2020 10:06:56.654 INFO [main] org.apache.catalina.core.ApplicationContext.log SessionListener: contextDestroyed()
27-May-2020 10:06:56.654 INFO [main] org.apache.catalina.core.ApplicationContext.log ContextListener: contextDestroyed()
27-May-2020 10:06:56.670 INFO [main] org.apache.catalina.core.ApplicationContext.log Destroying Spring FrameworkServlet 'hello-dispatcher'
27-May-2020 21:41:20.674 INFO [main] org.apache.catalina.core.ApplicationContext.log No Spring WebApplicationInitializer types detected on classpath
27-May-2020 21:41:21.268 INFO [main] org.apache.catalina.core.ApplicationContext.log Initializing Spring FrameworkServlet 'hello-dispatcher'
27-May-2020 21:41:24.675 INFO [main] org.apache.catalina.core.ApplicationContext.log ContextListener: contextInitialized()
27-May-2020 21:41:24.675 INFO [main] org.apache.catalina.core.ApplicationContext.log SessionListener: contextInitialized()
27-May-2020 21:41:24.675 INFO [main] org.apache.catalina.core.ApplicationContext.log ContextListener: attributeAdded('StockTicker', 'async.Stockticker@6cf047cf')
27-May-2020 22:45:10.146 INFO [main] org.apache.catalina.core.ApplicationContext.log SessionListener: contextDestroyed()
27-May-2020 22:45:10.146 INFO [main] org.apache.catalina.core.ApplicationContext.log ContextListener: contextDestroyed()
27-May-2020 22:45:10.161 INFO [main] org.apache.catalina.core.ApplicationContext.log Destroying Spring FrameworkServlet 'hello-dispatcher'
